<?xml version="1.0" encoding="UTF-8"?>
<!-- Generated by org.testng.reporters.JUnitReportReporter -->
<testsuite hostname="PATHAN" failures="0" tests="1" name="ExtentReports.DemoTest" time="21.043" errors="0" timestamp="2023-01-12T12:46:14 IST" skipped="0">
  <testcase classname="ExtentReports.DemoTest" name="testOne" time="21.043"/>
  <system-out/>
</testsuite> <!-- ExtentReports.DemoTest -->
